barter.li/proguard-project.txt
#-------------------------------------------------------------------------------
# Copyright 2014, barter.li
# 
# Licensed under the Apache License, Version 2.0 (the "License");
# you may not use this file except in compliance with the License.
# You may obtain a copy of the License at
# 
#   http://www.apache.org/licenses/LICENSE-2.0
# 
# Unless required by applicable law or agreed to in writing, software
# distributed under the License is distributed on an "AS IS" BASIS,
# WITHOUT WARRANTIES OR CONDITIONS OF ANY KIND, either express or implied.
# See the License for the specific language governing permissions and
# limitations under the License.
#-------------------------------------------------------------------------------
# To enable ProGuard in your project, edit project.properties
# to define the proguard.config property as described in that file.
#
# Add project specific ProGuard rules here.
# By default, the flags in this file are appended to flags specified
# in ${sdk.dir}/tools/proguard/proguard-android.txt
# You can edit the include path and order by changing the ProGuard
# include property in project.properties.
#
# For more details, see
#   http://developer.android.com/guide/developing/tools/proguard.html

# Add any project specific keep options here:

# If your project uses WebView with JS, uncomment the following
# and specify the fully qualified class name to the JavaScript interface
# class:
#-keepclassmembers class fqcn.of.javascript.interface.for.webview {
#   public *;
#}

-injars      bin/classes
-outjars     bin/classes-processed.jar
-libraryjars /home/vinaysshenoy/Dev/android-sdk-linux/platforms/android-19/android.jar
-libraryjars libs/android-support-v4.jar
-libraryjars libs/commons-io-1.2.jar
-libraryjars libs/crashlytics.jar
-libraryjars libs/picasso-2.2.0.jar
-libraryjars libs/rabbitmq-client.jar

-dontwarn android.content.Context
-dontwarn com.google.android.gms.**
-dontwarn com.squareup.okhttp.**
-dontwarn java.beans.**
-dontwarn javax.security.**

-keep public class * extends android.app.Activity
-keep public class * extends android.app.Application
-keep public class * extends android.app.Service
-keep public class * extends android.content.BroadcastReceiver
-keep class android.app.** { *; }
-keep class android.content.** { *; }
-keepattributes InnerClasses
-keepattributes **
-keepattributes *Annotation*,EnclosingMethod
-keep class **.R
-keep class **.R$* {
    <fields>;
}
-keep class * extends java.util.ListResourceBundle {
    protected Object[][] getContents();
}
-keepattributes SourceFile,LineNumberTable
-keep class android.support.** { *; }