barter.li/proguard/seeds.txt
li.barter.BarterLiApplication
li.barter.BarterLiApplication: BarterLiApplication()
li.barter.R
li.barter.R$anim
li.barter.R$anim: int exit_zoom_in
li.barter.R$anim: int launch_zoom_out
li.barter.R$anim: int main_activity_exit
li.barter.R$anim: int main_activity_launch
li.barter.R$anim: int slide_in_from_right
li.barter.R$anim: int slide_out_to_right
li.barter.R$anim: int zoom_in
li.barter.R$anim: int zoom_out
li.barter.R$array
li.barter.R$array: int aboutus_fragment_titles
li.barter.R$array: int add_book_choices
li.barter.R$array: int chat_longclick_choices
li.barter.R$array: int months
li.barter.R$array: int nav_drawer_descriptions
li.barter.R$array: int nav_drawer_titles
li.barter.R$array: int oss_titles
li.barter.R$array: int take_photo_choices
li.barter.R$attr
li.barter.R$attr: int adSize
li.barter.R$attr: int adSizes
li.barter.R$attr: int adUnitId
li.barter.R$attr: int animate_changes
li.barter.R$attr: int borderColor
li.barter.R$attr: int borderWidth
li.barter.R$attr: int buyButtonAppearance
li.barter.R$attr: int buyButtonHeight
li.barter.R$attr: int buyButtonText
li.barter.R$attr: int buyButtonWidth
li.barter.R$attr: int cameraBearing
li.barter.R$attr: int cameraTargetLat
li.barter.R$attr: int cameraTargetLng
li.barter.R$attr: int cameraTilt
li.barter.R$attr: int cameraZoom
li.barter.R$attr: int centered
li.barter.R$attr: int clipPadding
li.barter.R$attr: int confirm_logout
li.barter.R$attr: int cornerRadius
li.barter.R$attr: int default_image
li.barter.R$attr: int done_button_background
li.barter.R$attr: int done_button_text
li.barter.R$attr: int dragView
li.barter.R$attr: int environment
li.barter.R$attr: int error_image
li.barter.R$attr: int extra_fields
li.barter.R$attr: int fadeColor
li.barter.R$attr: int fadeDelay
li.barter.R$attr: int fadeLength
li.barter.R$attr: int fades
li.barter.R$attr: int fetch_user_info
li.barter.R$attr: int fillColor
li.barter.R$attr: int flingVelocity
li.barter.R$attr: int fontStyle
li.barter.R$attr: int footerColor
li.barter.R$attr: int footerIndicatorHeight
li.barter.R$attr: int footerIndicatorStyle
li.barter.R$attr: int footerIndicatorUnderlinePadding
li.barter.R$attr: int footerLineHeight
li.barter.R$attr: int footerPadding
li.barter.R$attr: int fragmentMode
li.barter.R$bool
li.barter.R$bool: int default_circle_indicator_centered
li.barter.R$bool: int default_circle_indicator_snap
li.barter.R$bool: int default_line_indicator_centered
li.barter.R$bool: int default_title_indicator_selected_bold
li.barter.R$bool: int default_underline_indicator_fades
li.barter.R$bool: int spb_default_mirror_mode
li.barter.R$bool: int spb_default_progressiveStart_activated
li.barter.R$bool: int spb_default_reversed
...
android.support.v4.view.ViewPager$3
android.support.v4.view.ViewPager$3: android.support.v4.view.ViewPager this$0
android.support.v4.view.ViewPager$3: ViewPager$3(android.support.v4.view.ViewPager)
android.support.v4.view.ViewPager$3: void run()
android.support.v4.view.ViewPager$Decor
android.support.v4.view.ViewPager$ItemInfo
android.support.v4.view.ViewPager$ItemInfo: java.lang.Object object
android.support.v4.view.ViewPager$ItemInfo: int position
android.support.v4.view.ViewPager$ItemInfo: boolean scrolling
android.support.v4.view.ViewPager$ItemInfo: float widthFactor
android.support.v4.view.ViewPager$ItemInfo: float offset
android.support.v4.view.ViewPager$ItemInfo: ViewPager$ItemInfo()
android.support.v4.view.ViewPager$LayoutParams
android.support.v4.view.ViewPager$LayoutParams: boolean isDecor
android.support.v4.view.ViewPager$LayoutParams: int gravity
android.support.v4.view.ViewPager$LayoutParams: float widthFactor
android.support.v4.view.ViewPager$LayoutParams: boolean needsMeasure
android.support.v4.view.ViewPager$LayoutParams: int position
android.support.v4.view.ViewPager$LayoutParams: int childIndex
android.support.v4.view.ViewPager$LayoutParams: ViewPager$LayoutParams()
android.support.v4.view.ViewPager$LayoutParams: ViewPager$LayoutParams(android.content.Context,android.util.AttributeSet)
android.support.v4.view.ViewPager$MyAccessibilityDelegate
android.support.v4.view.ViewPager$MyAccessibilityDelegate: android.support.v4.view.ViewPager this$0
android.support.v4.view.ViewPager$MyAccessibilityDelegate: ViewPager$MyAccessibilityDelegate(android.support.v4.view.ViewPager)
android.support.v4.view.ViewPager$MyAccessibilityDelegate: void onInitializeAccessibilityEvent(android.view.View,android.view.accessibility.AccessibilityEvent)
android.support.v4.view.ViewPager$MyAccessibilityDelegate: void onInitializeAccessibilityNodeInfo(android.view.View,android.support.v4.view.accessibility.AccessibilityNodeInfoCompat)
android.support.v4.view.ViewPager$MyAccessibilityDelegate: boolean performAccessibilityAction(android.view.View,int,android.os.Bundle)
android.support.v4.view.ViewPager$MyAccessibilityDelegate: boolean canScroll()
android.support.v4.view.ViewPager$OnAdapterChangeListener
android.support.v4.view.ViewPager$OnAdapterChangeListener: void onAdapterChanged(android.support.v4.view.PagerAdapter,android.support.v4.view.PagerAdapter)
android.support.v4.view.ViewPager$OnPageChangeListener
android.support.v4.view.ViewPager$OnPageChangeListener: void onPageScrolled(int,float,int)
android.support.v4.view.ViewPager$OnPageChangeListener: void onPageSelected(int)
android.support.v4.view.ViewPager$OnPageChangeListener: void onPageScrollStateChanged(int)
android.support.v4.view.ViewPager$PageTransformer
android.support.v4.view.ViewPager$PageTransformer: void transformPage(android.view.View,float)
android.support.v4.view.ViewPager$PagerObserver
android.support.v4.view.ViewPager$PagerObserver: android.support.v4.view.ViewPager this$0
android.support.v4.view.ViewPager$PagerObserver: ViewPager$PagerObserver(android.support.v4.view.ViewPager)
android.support.v4.view.ViewPager$PagerObserver: void onChanged()
android.support.v4.view.ViewPager$PagerObserver: void onInvalidated()
android.support.v4.view.ViewPager$PagerObserver: ViewPager$PagerObserver(android.support.v4.view.ViewPager,android.support.v4.view.ViewPager$1)