barter.li/proguard/mapping.txt
li.barter.BarterLiApplication -> li.barter.BarterLiApplication:
    android.content.Context sStaticContext -> a
    com.android.volley.RequestQueue mRequestQueue -> b
    65:70:android.content.Context getStaticContext() -> a
    76:107:void onCreate() -> onCreate
    111:120:void saveCurrentAppVersionIntoPreferences() -> d
    127:128:void doMigrationFromAlpha() -> e
    136:146:void readUserInfoFromSharedPref() -> f
    160:171:void overrideHardwareMenuButton() -> g
    175:175:com.android.volley.RequestQueue getRequestQueue() -> b
    184:186:void startChatService() -> c
li.barter.R -> li.barter.R:
li.barter.R$anim -> li.barter.R$anim:
    int exit_zoom_in -> exit_zoom_in
    int launch_zoom_out -> launch_zoom_out
    int main_activity_exit -> main_activity_exit
    int main_activity_launch -> main_activity_launch
    int slide_in_from_right -> slide_in_from_right
    int slide_out_to_right -> slide_out_to_right
    int zoom_in -> zoom_in
    int zoom_out -> zoom_out
li.barter.R$array -> li.barter.R$array:
    int aboutus_fragment_titles -> aboutus_fragment_titles
    int add_book_choices -> add_book_choices
    int chat_longclick_choices -> chat_longclick_choices
    int months -> months
    int nav_drawer_descriptions -> nav_drawer_descriptions
    int nav_drawer_titles -> nav_drawer_titles
    int oss_titles -> oss_titles
    int take_photo_choices -> take_photo_choices
li.barter.R$attr -> li.barter.R$attr:
    int adSize -> adSize
    int adSizes -> adSizes
    int adUnitId -> adUnitId
    int animate_changes -> animate_changes
    int borderColor -> borderColor
    int borderWidth -> borderWidth
    int buyButtonAppearance -> buyButtonAppearance
    int buyButtonHeight -> buyButtonHeight
    int buyButtonText -> buyButtonText
    int buyButtonWidth -> buyButtonWidth
    int cameraBearing -> cameraBearing
    int cameraTargetLat -> cameraTargetLat
    int cameraTargetLng -> cameraTargetLng
    int cameraTilt -> cameraTilt
    int cameraZoom -> cameraZoom
    int centered -> centered
    int clipPadding -> clipPadding
    int confirm_logout -> confirm_logout
    int cornerRadius -> cornerRadius
    int default_image -> default_image
    int done_button_background -> done_button_background
    int done_button_text -> done_button_text
    int dragView -> dragView
    int environment -> environment
    int error_image -> error_image
    int extra_fields -> extra_fields
    int fadeColor -> fadeColor
    int fadeDelay -> fadeDelay
    int fadeLength -> fadeLength
    int fades -> fades
    int fetch_user_info -> fetch_user_info
    int fillColor -> fillColor
    int flingVelocity -> flingVelocity
    int fontStyle -> fontStyle
    int footerColor -> footerColor
    int footerIndicatorHeight -> footerIndicatorHeight
    int footerIndicatorStyle -> footerIndicatorStyle
    int footerIndicatorUnderlinePadding -> footerIndicatorUnderlinePadding
li.barter.R$bool -> li.barter.R$bool:
    int default_circle_indicator_centered -> default_circle_indicator_centered
    int default_circle_indicator_snap -> default_circle_indicator_snap
    int default_line_indicator_centered -> default_line_indicator_centered
    int default_title_indicator_selected_bold -> default_title_indicator_selected_bold
    int default_underline_indicator_fades -> default_underline_indicator_fades
    int spb_default_mirror_mode -> spb_default_mirror_mode
    int spb_default_progressiveStart_activated -> spb_default_progressiveStart_activated
    int spb_default_reversed -> spb_default_reversed
...
com.rabbitmq.client.AMQP$Connection -> com.c.a.a$c:
com.rabbitmq.client.AMQP$Connection$Blocked -> com.c.a.a$c$a:
    java.lang.String getReason() -> a
com.rabbitmq.client.AMQP$Connection$Close -> com.c.a.a$c$b:
    int getReplyCode() -> a
    java.lang.String getReplyText() -> b
com.rabbitmq.client.AMQP$Connection$Close$Builder -> com.c.a.a$c$b$a:
    int replyCode -> a
    java.lang.String replyText -> b
    int classId -> c
    int methodId -> d
    286:286:com.rabbitmq.client.AMQP$Connection$Close$Builder replyCode(int) -> a
    288:288:com.rabbitmq.client.AMQP$Connection$Close$Builder replyText(java.lang.String) -> a
    294:294:com.rabbitmq.client.AMQP$Connection$Close build() -> a
com.rabbitmq.client.AMQP$Connection$CloseOk -> com.c.a.a$c$c:
com.rabbitmq.client.AMQP$Connection$CloseOk$Builder -> com.c.a.a$c$c$a:
    307:307:com.rabbitmq.client.AMQP$Connection$CloseOk build() -> a
com.rabbitmq.client.AMQP$Connection$Open -> com.c.a.a$c$d:
com.rabbitmq.client.AMQP$Connection$Open$Builder -> com.c.a.a$c$d$a:
    java.lang.String virtualHost -> a
    java.lang.String capabilities -> b
    boolean insist -> c
    240:240:com.rabbitmq.client.AMQP$Connection$Open$Builder virtualHost(java.lang.String) -> a
    248:248:com.rabbitmq.client.AMQP$Connection$Open build() -> a
com.rabbitmq.client.AMQP$Connection$OpenOk -> com.c.a.a$c$e:
com.rabbitmq.client.AMQP$Connection$Secure -> com.c.a.a$c$f:
    com.rabbitmq.client.LongString getChallenge() -> a
com.rabbitmq.client.AMQP$Connection$SecureOk -> com.c.a.a$c$g:
com.rabbitmq.client.AMQP$Connection$SecureOk$Builder -> com.c.a.a$c$g$a:
    com.rabbitmq.client.LongString response -> a
    167:167:com.rabbitmq.client.AMQP$Connection$SecureOk$Builder response(com.rabbitmq.client.LongString) -> a
    171:171:com.rabbitmq.client.AMQP$Connection$SecureOk build() -> a
com.rabbitmq.client.AMQP$Connection$Start -> com.c.a.a$c$h:
    int getVersionMajor() -> a
    int getVersionMinor() -> b
    java.util.Map getServerProperties() -> c
    com.rabbitmq.client.LongString getMechanisms() -> d
com.rabbitmq.client.AMQP$Connection$StartOk -> com.c.a.a$c$i:
com.rabbitmq.client.AMQP$Connection$StartOk$Builder -> com.c.a.a$c$i$a:
    java.util.Map clientProperties -> a
    java.lang.String mechanism -> b
    com.rabbitmq.client.LongString response -> c
    java.lang.String locale -> d
    123:123:com.rabbitmq.client.AMQP$Connection$StartOk$Builder clientProperties(java.util.Map) -> a
    125:125:com.rabbitmq.client.AMQP$Connection$StartOk$Builder mechanism(java.lang.String) -> a
    127:127:com.rabbitmq.client.AMQP$Connection$StartOk$Builder response(com.rabbitmq.client.LongString) -> a
    133:133:com.rabbitmq.client.AMQP$Connection$StartOk build() -> a
com.rabbitmq.client.AMQP$Connection$Tune -> com.c.a.a$c$j:
    int getChannelMax() -> a
    int getFrameMax() -> b
    int getHeartbeat() -> c
com.rabbitmq.client.AMQP$Connection$TuneOk -> com.c.a.a$c$k:
com.rabbitmq.client.AMQP$Connection$TuneOk$Builder -> com.c.a.a$c$k$a:
    int channelMax -> a
    int frameMax -> b
    int heartbeat -> c
    215:215:com.rabbitmq.client.AMQP$Connection$TuneOk$Builder channelMax(int) -> a
    217:217:com.rabbitmq.client.AMQP$Connection$TuneOk$Builder frameMax(int) -> b
    219:219:com.rabbitmq.client.AMQP$Connection$TuneOk$Builder heartbeat(int) -> c
    221:221:com.rabbitmq.client.AMQP$Connection$TuneOk build() -> a
com.rabbitmq.client.AMQP$Connection$Unblocked -> com.c.a.a$c$l:
com.rabbitmq.client.AMQP$Exchange -> com.c.a.a$d:
com.rabbitmq.client.AMQP$Exchange$Bind -> com.c.a.a$d$a:
com.rabbitmq.client.AMQP$Exchange$BindOk -> com.c.a.a$d$b:
com.rabbitmq.client.AMQP$Exchange$Declare -> com.c.a.a$d$c: