barter.li/proguard/usage.txt
li.barter.BarterLiApplication:
    private static final java.lang.String TAG
li.barter.BuildConfig
li.barter.JSONHelper
li.barter.ProgressDialogManager
li.barter.activities.AbstractBarterLiActivity:
    private static final java.lang.String TAG
    private static final int ACTION_BAR_DISPLAY_MASK
    673:678:public void showInfiniteCrouton(java.lang.String,li.barter.activities.AbstractBarterLiActivity$AlertStyle)
    688:689:public void showInfiniteCrouton(int,li.barter.activities.AbstractBarterLiActivity$AlertStyle)
    962:964:public void onPreExecute(li.barter.http.IBlRequestContract)
    public abstract void onSuccess(int,li.barter.http.IBlRequestContract,li.barter.http.ResponseInfo)
    public abstract void onBadRequestError(int,li.barter.http.IBlRequestContract,int,java.lang.String,android.os.Bundle)
li.barter.activities.HomeActivity:
    private static final java.lang.String TAG
    280:285:public void onLogout()
li.barter.activities.ScanIsbnActivity:
    private static final java.lang.String TAG
li.barter.adapters.BooksGridAdapter:
    private static final java.lang.String TAG
li.barter.adapters.ChatDetailAdapter:
    private static final int INCOMING_MESSAGE
    private static final int OUTGOING_MESSAGE
li.barter.adapters.ChatsAdapter:
    private static final java.lang.String TAG
li.barter.adapters.CropOptionAdapter
li.barter.adapters.ProfileFragmentsAdapter:
    private static final java.lang.String TAG
    private static final int COUNT
li.barter.adapters.TeamAdapter:
    private static final java.lang.String TAG
li.barter.analytics.AnalyticsConstants
li.barter.analytics.AnalyticsConstants$Actions
li.barter.analytics.AnalyticsConstants$Categories
li.barter.analytics.AnalyticsConstants$ParamKeys
li.barter.analytics.AnalyticsConstants$ParamValues
li.barter.analytics.AnalyticsConstants$Screens
li.barter.analytics.CampaignTrackingReceiver:
    private static final java.lang.String TAG
li.barter.analytics.GoogleAnalyticsManager:
    private static final java.lang.String TAG
    public static final int SESSION_TIMEOUT
li.barter.chat.AbstractRabbitMQConnector:
    private static final java.lang.String TAG
    158:168:public void publish(java.lang.String,java.lang.String,java.lang.String)
li.barter.chat.ChatRabbitMQConnector:
    private static final java.lang.String TAG
    private byte[] mLastMessage
    155:156:public void removeBinding(java.lang.String)
li.barter.chat.ChatService:
    private static final java.lang.String TAG
    private static final java.lang.String OUTPUT_TIME_FORMAT
    private static final java.lang.String QUEUE_NAME_FORMAT
    private static final java.lang.String VIRTUAL_HOST
    private static final java.lang.String EXCHANGE_NAME_FORMAT
    private static final java.lang.String USERNAME
    private static final java.lang.String PASSWORD
    private static final int CONNECT_BACKOFF_INTERVAL
    private static final int MAX_CONNECT_MULTIPLIER
    private static final int MESSAGE_NOTIFICATION_ID
    216:224:private void testNotifications()
    466:466:private java.lang.String generateQueueNameFromUserId(java.lang.String)
    872:872:public void onPreExecute(li.barter.http.IBlRequestContract)
    962:962:static synthetic void access$3(li.barter.chat.ChatService,java.lang.String,java.lang.String,java.lang.String,java.lang.String)
li.barter.chat.ChatService$1
li.barter.data.BarterLiSQLiteOpenHelper:
    private static final java.lang.String TAG
    private static final java.lang.String DB_NAME
    private static final int DB_VERSION
li.barter.data.DBInterface:
    private static final java.lang.String TAG
    32:32:public DBInterface()
    146:147:public static int delete(java.lang.String,java.lang.String,java.lang.String[],boolean)
    195:196:public static android.database.Cursor query(boolean,java.lang.String,java.lang.String[],java.lang.String,java.lang.String[],java.lang.String,java.lang.String,java.lang.String,java.lang.String)
li.barter.data.DatabaseColumns
li.barter.data.SQLConstants
...
com.google.android.gms.games.internal.PopupManager$1
com.google.android.gms.games.internal.PopupManager$PopupLocationInfo
com.google.android.gms.games.internal.PopupManager$PopupManagerHCMR1
com.google.android.gms.games.internal.RealTimeSocketImpl
com.google.android.gms.games.internal.api.AchievementsImpl
com.google.android.gms.games.internal.api.AchievementsImpl$1
com.google.android.gms.games.internal.api.AchievementsImpl$10
com.google.android.gms.games.internal.api.AchievementsImpl$2
com.google.android.gms.games.internal.api.AchievementsImpl$3
com.google.android.gms.games.internal.api.AchievementsImpl$4
com.google.android.gms.games.internal.api.AchievementsImpl$5
com.google.android.gms.games.internal.api.AchievementsImpl$6
com.google.android.gms.games.internal.api.AchievementsImpl$7
com.google.android.gms.games.internal.api.AchievementsImpl$8
com.google.android.gms.games.internal.api.AchievementsImpl$9
com.google.android.gms.games.internal.api.AchievementsImpl$LoadImpl
com.google.android.gms.games.internal.api.AchievementsImpl$LoadImpl$1
com.google.android.gms.games.internal.api.AchievementsImpl$UpdateImpl
com.google.android.gms.games.internal.api.AchievementsImpl$UpdateImpl$1
com.google.android.gms.games.internal.api.AclsImpl
com.google.android.gms.games.internal.api.AclsImpl$1
com.google.android.gms.games.internal.api.AclsImpl$2
com.google.android.gms.games.internal.api.AclsImpl$3
com.google.android.gms.games.internal.api.AclsImpl$LoadNotifyAclImpl
com.google.android.gms.games.internal.api.AclsImpl$UpdateNotifyAclImpl
com.google.android.gms.games.internal.api.GamesMetadataImpl
com.google.android.gms.games.internal.api.GamesMetadataImpl$1
com.google.android.gms.games.internal.api.GamesMetadataImpl$10
com.google.android.gms.games.internal.api.GamesMetadataImpl$11
com.google.android.gms.games.internal.api.GamesMetadataImpl$12
com.google.android.gms.games.internal.api.GamesMetadataImpl$13
com.google.android.gms.games.internal.api.GamesMetadataImpl$14
com.google.android.gms.games.internal.api.GamesMetadataImpl$15
com.google.android.gms.games.internal.api.GamesMetadataImpl$2
com.google.android.gms.games.internal.api.GamesMetadataImpl$3
com.google.android.gms.games.internal.api.GamesMetadataImpl$4
com.google.android.gms.games.internal.api.GamesMetadataImpl$5
com.google.android.gms.games.internal.api.GamesMetadataImpl$6
com.google.android.gms.games.internal.api.GamesMetadataImpl$7
com.google.android.gms.games.internal.api.GamesMetadataImpl$8
com.google.android.gms.games.internal.api.GamesMetadataImpl$9
com.google.android.gms.games.internal.api.GamesMetadataImpl$LoadExtendedGamesImpl
com.google.android.gms.games.internal.api.GamesMetadataImpl$LoadExtendedGamesImpl$1
com.google.android.gms.games.internal.api.GamesMetadataImpl$LoadGameInstancesImpl
com.google.android.gms.games.internal.api.GamesMetadataImpl$LoadGameInstancesImpl$1
com.google.android.gms.games.internal.api.GamesMetadataImpl$LoadGameSearchSuggestionsImpl
com.google.android.gms.games.internal.api.GamesMetadataImpl$LoadGameSearchSuggestionsImpl$1
com.google.android.gms.games.internal.api.GamesMetadataImpl$LoadGamesImpl
com.google.android.gms.games.internal.api.GamesMetadataImpl$LoadGamesImpl$1
com.google.android.gms.games.internal.api.InvitationsImpl
com.google.android.gms.games.internal.api.InvitationsImpl$1
com.google.android.gms.games.internal.api.InvitationsImpl$2
com.google.android.gms.games.internal.api.InvitationsImpl$3
com.google.android.gms.games.internal.api.InvitationsImpl$LoadInvitationsImpl
com.google.android.gms.games.internal.api.InvitationsImpl$LoadInvitationsImpl$1
com.google.android.gms.games.internal.api.LeaderboardsImpl
com.google.android.gms.games.internal.api.LeaderboardsImpl$1
com.google.android.gms.games.internal.api.LeaderboardsImpl$10
com.google.android.gms.games.internal.api.LeaderboardsImpl$11
com.google.android.gms.games.internal.api.LeaderboardsImpl$2
com.google.android.gms.games.internal.api.LeaderboardsImpl$3